{"/home/victor/Code/Projects/sing-me-a-song-js/src/repositories/songRepository.js": {"path":"/home/victor/Code/Projects/sing-me-a-song-js/src/repositories/songRepository.js","statementMap":{"0":{"start":{"line":4,"column":41},"end":{"line":4,"column":55}},"1":{"start":{"line":5,"column":4},"end":{"line":9,"column":35}},"2":{"start":{"line":13,"column":4},"end":{"line":15,"column":20}},"3":{"start":{"line":19,"column":19},"end":{"line":21,"column":12}},"4":{"start":{"line":23,"column":4},"end":{"line":23,"column":32}},"5":{"start":{"line":27,"column":4},"end":{"line":29,"column":13}},"6":{"start":{"line":33,"column":17},"end":{"line":35,"column":30}},"7":{"start":{"line":37,"column":4},"end":{"line":37,"column":84}},"8":{"start":{"line":37,"column":29},"end":{"line":37,"column":84}},"9":{"start":{"line":39,"column":4},"end":{"line":39,"column":41}},"10":{"start":{"line":39,"column":29},"end":{"line":39,"column":41}},"11":{"start":{"line":41,"column":21},"end":{"line":41,"column":39}},"12":{"start":{"line":42,"column":24},"end":{"line":42,"column":66}},"13":{"start":{"line":44,"column":4},"end":{"line":44,"column":36}},"14":{"start":{"line":48,"column":19},"end":{"line":50,"column":16}},"15":{"start":{"line":52,"column":4},"end":{"line":52,"column":41}},"16":{"start":{"line":52,"column":29},"end":{"line":52,"column":41}},"17":{"start":{"line":54,"column":4},"end":{"line":54,"column":23}}},"fnMap":{"0":{"name":"createSong","decl":{"start":{"line":3,"column":15},"end":{"line":3,"column":25}},"loc":{"start":{"line":3,"column":42},"end":{"line":10,"column":1}},"line":3},"1":{"name":"updateSongScore","decl":{"start":{"line":12,"column":15},"end":{"line":12,"column":30}},"loc":{"start":{"line":12,"column":42},"end":{"line":16,"column":1}},"line":12},"2":{"name":"findSong","decl":{"start":{"line":18,"column":15},"end":{"line":18,"column":23}},"loc":{"start":{"line":18,"column":28},"end":{"line":24,"column":1}},"line":18},"3":{"name":"deleteSong","decl":{"start":{"line":26,"column":15},"end":{"line":26,"column":25}},"loc":{"start":{"line":26,"column":30},"end":{"line":30,"column":1}},"line":26},"4":{"name":"getSong","decl":{"start":{"line":32,"column":15},"end":{"line":32,"column":22}},"loc":{"start":{"line":32,"column":30},"end":{"line":45,"column":1}},"line":32},"5":{"name":"getSongList","decl":{"start":{"line":47,"column":15},"end":{"line":47,"column":26}},"loc":{"start":{"line":47,"column":35},"end":{"line":55,"column":1}},"line":47}},"branchMap":{"0":{"loc":{"start":{"line":37,"column":4},"end":{"line":37,"column":84}},"type":"if","locations":[{"start":{"line":37,"column":4},"end":{"line":37,"column":84}},{"start":{},"end":{}}],"line":37},"1":{"loc":{"start":{"line":39,"column":4},"end":{"line":39,"column":41}},"type":"if","locations":[{"start":{"line":39,"column":4},"end":{"line":39,"column":41}},{"start":{},"end":{}}],"line":39},"2":{"loc":{"start":{"line":52,"column":4},"end":{"line":52,"column":41}},"type":"if","locations":[{"start":{"line":52,"column":4},"end":{"line":52,"column":41}},{"start":{},"end":{}}],"line":52}},"s":{"0":0,"1":0,"2":0,"3":0,"4":0,"5":0,"6":0,"7":0,"8":0,"9":0,"10":0,"11":0,"12":0,"13":0,"14":0,"15":0,"16":0,"17":0},"f":{"0":0,"1":0,"2":0,"3":0,"4":0,"5":0},"b":{"0":[0,0],"1":[0,0],"2":[0,0]},"_coverageSchema":"1a1c01bbd47fc00a2c39e90264f33305004495a9","hash":"ecd485d54de68c0c0e31372022e9ded2b924b02b"}
,"/home/victor/Code/Projects/sing-me-a-song-js/src/services/songService.js": {"path":"/home/victor/Code/Projects/sing-me-a-song-js/src/services/songService.js","statementMap":{"0":{"start":{"line":4,"column":25},"end":{"line":4,"column":26}},"1":{"start":{"line":6,"column":27},"end":{"line":10,"column":5}},"2":{"start":{"line":12,"column":4},"end":{"line":12,"column":53}},"3":{"start":{"line":16,"column":4},"end":{"line":16,"column":49}},"4":{"start":{"line":20,"column":18},"end":{"line":20,"column":51}},"5":{"start":{"line":22,"column":4},"end":{"line":22,"column":58}},"6":{"start":{"line":22,"column":21},"end":{"line":22,"column":58}},"7":{"start":{"line":24,"column":4},"end":{"line":24,"column":50}},"8":{"start":{"line":28,"column":22},"end":{"line":28,"column":53}},"9":{"start":{"line":30,"column":4},"end":{"line":30,"column":94}},"10":{"start":{"line":30,"column":24},"end":{"line":30,"column":94}},"11":{"start":{"line":32,"column":4},"end":{"line":32,"column":76}},"12":{"start":{"line":32,"column":24},"end":{"line":32,"column":76}},"13":{"start":{"line":34,"column":4},"end":{"line":34,"column":16}},"14":{"start":{"line":38,"column":4},"end":{"line":38,"column":46}}},"fnMap":{"0":{"name":"saveSong","decl":{"start":{"line":3,"column":15},"end":{"line":3,"column":23}},"loc":{"start":{"line":3,"column":30},"end":{"line":13,"column":1}},"line":3},"1":{"name":"upvote","decl":{"start":{"line":15,"column":15},"end":{"line":15,"column":21}},"loc":{"start":{"line":15,"column":26},"end":{"line":17,"column":1}},"line":15},"2":{"name":"downvote","decl":{"start":{"line":19,"column":15},"end":{"line":19,"column":23}},"loc":{"start":{"line":19,"column":28},"end":{"line":25,"column":1}},"line":19},"3":{"name":"getRandomSong","decl":{"start":{"line":27,"column":15},"end":{"line":27,"column":28}},"loc":{"start":{"line":27,"column":31},"end":{"line":35,"column":1}},"line":27},"4":{"name":"getSongList","decl":{"start":{"line":37,"column":15},"end":{"line":37,"column":26}},"loc":{"start":{"line":37,"column":35},"end":{"line":39,"column":1}},"line":37}},"branchMap":{"0":{"loc":{"start":{"line":22,"column":4},"end":{"line":22,"column":58}},"type":"if","locations":[{"start":{"line":22,"column":4},"end":{"line":22,"column":58}},{"start":{},"end":{}}],"line":22},"1":{"loc":{"start":{"line":30,"column":4},"end":{"line":30,"column":94}},"type":"if","locations":[{"start":{"line":30,"column":4},"end":{"line":30,"column":94}},{"start":{},"end":{}}],"line":30},"2":{"loc":{"start":{"line":32,"column":4},"end":{"line":32,"column":76}},"type":"if","locations":[{"start":{"line":32,"column":4},"end":{"line":32,"column":76}},{"start":{},"end":{}}],"line":32}},"s":{"0":1,"1":1,"2":1,"3":0,"4":2,"5":2,"6":1,"7":1,"8":2,"9":2,"10":0,"11":2,"12":2,"13":0,"14":1},"f":{"0":1,"1":0,"2":2,"3":2,"4":1},"b":{"0":[1,1],"1":[0,2],"2":[2,0]},"_coverageSchema":"1a1c01bbd47fc00a2c39e90264f33305004495a9","hash":"322e6f0cee2cb9515e8785992695a3450b06a107"}
,"/home/victor/Code/Projects/sing-me-a-song-js/tests/factories/songFactory.js": {"path":"/home/victor/Code/Projects/sing-me-a-song-js/tests/factories/songFactory.js","statementMap":{"0":{"start":{"line":2,"column":4},"end":{"line":16,"column":6}},"1":{"start":{"line":20,"column":4},"end":{"line":27,"column":5}},"2":{"start":{"line":21,"column":8},"end":{"line":26,"column":10}},"3":{"start":{"line":29,"column":4},"end":{"line":36,"column":5}},"4":{"start":{"line":30,"column":8},"end":{"line":35,"column":10}},"5":{"start":{"line":38,"column":4},"end":{"line":38,"column":16}}},"fnMap":{"0":{"name":"getSongList","decl":{"start":{"line":1,"column":9},"end":{"line":1,"column":20}},"loc":{"start":{"line":1,"column":23},"end":{"line":17,"column":1}},"line":1},"1":{"name":"getSong","decl":{"start":{"line":19,"column":9},"end":{"line":19,"column":16}},"loc":{"start":{"line":19,"column":24},"end":{"line":39,"column":1}},"line":19}},"branchMap":{"0":{"loc":{"start":{"line":20,"column":4},"end":{"line":27,"column":5}},"type":"if","locations":[{"start":{"line":20,"column":4},"end":{"line":27,"column":5}},{"start":{},"end":{}}],"line":20},"1":{"loc":{"start":{"line":29,"column":4},"end":{"line":36,"column":5}},"type":"if","locations":[{"start":{"line":29,"column":4},"end":{"line":36,"column":5}},{"start":{},"end":{}}],"line":29}},"s":{"0":1,"1":2,"2":1,"3":1,"4":1,"5":0},"f":{"0":1,"1":2},"b":{"0":[1,1],"1":[1,0]},"_coverageSchema":"1a1c01bbd47fc00a2c39e90264f33305004495a9","hash":"18e0f1d741cfca7532d473f0eeccc944429399b9"}
}
