TN:
SF:src/repositories/songRepository.js
FN:3,createSong
FN:12,updateSongScore
FN:18,findSong
FN:26,deleteSong
FN:32,getSong
FN:47,getSongList
FNF:6
FNH:0
FNDA:0,createSong
FNDA:0,updateSongScore
FNDA:0,findSong
FNDA:0,deleteSong
FNDA:0,getSong
FNDA:0,getSongList
DA:4,0
DA:5,0
DA:13,0
DA:19,0
DA:23,0
DA:27,0
DA:33,0
DA:37,0
DA:39,0
DA:41,0
DA:42,0
DA:44,0
DA:48,0
DA:52,0
DA:54,0
LF:15
LH:0
BRDA:37,0,0,0
BRDA:37,0,1,0
BRDA:39,1,0,0
BRDA:39,1,1,0
BRDA:52,2,0,0
BRDA:52,2,1,0
BRF:6
BRH:0
end_of_record
TN:
SF:src/services/songService.js
FN:3,saveSong
FN:15,upvote
FN:19,downvote
FN:27,getRandomSong
FN:37,getSongList
FNF:5
FNH:4
FNDA:1,saveSong
FNDA:0,upvote
FNDA:2,downvote
FNDA:2,getRandomSong
FNDA:1,getSongList
DA:4,1
DA:6,1
DA:12,1
DA:16,0
DA:20,2
DA:22,2
DA:24,1
DA:28,2
DA:30,2
DA:32,2
DA:34,0
DA:38,1
LF:12
LH:10
BRDA:22,0,0,1
BRDA:22,0,1,1
BRDA:30,1,0,0
BRDA:30,1,1,2
BRDA:32,2,0,2
BRDA:32,2,1,0
BRF:6
BRH:4
end_of_record
TN:
SF:tests/factories/songFactory.js
FN:1,getSongList
FN:19,getSong
FNF:2
FNH:2
FNDA:1,getSongList
FNDA:2,getSong
DA:2,1
DA:20,2
DA:21,1
DA:29,1
DA:30,1
DA:38,0
LF:6
LH:5
BRDA:20,0,0,1
BRDA:20,0,1,1
BRDA:29,1,0,1
BRDA:29,1,1,0
BRF:4
BRH:3
end_of_record
